#
# There is insufficient memory for the Java Runtime Environment to continue.
# Native memory allocation (mmap) failed to map 349175808 bytes for committing reserved memory.
# Possible reasons:
#   The system is out of physical RAM or swap space
#   In 32 bit mode, the process size limit was hit
# Possible solutions:
#   Reduce memory load on the system
#   Increase physical memory or swap space
#   Check if swap backing store is full
#   Use 64 bit Java on a 64 bit OS
#   Decrease Java heap size (-Xmx/-Xms)
#   Decrease number of Java threads
#   Decrease Java thread stack sizes (-Xss)
#   Set larger code cache with -XX:ReservedCodeCacheSize=
# This output file may be truncated or incomplete.
#
#  Out of Memory Error (os_linux.cpp:2627), pid=32287, tid=0x00007f7ed5f17700
#
# JRE version: Java(TM) SE Runtime Environment (8.0_121-b13) (build 1.8.0_121-b13)
# Java VM: Java HotSpot(TM) 64-Bit Server VM (25.121-b13 mixed mode linux-amd64 compressed oops)
# Failed to write core dump. Core dumps have been disabled. To enable core dumping, try "ulimit -c unlimited" before starting Java again
#

---------------  T H R E A D  ---------------

Current thread (0x00007f7ef4077800):  VMThread [stack: 0x00007f7ed5e17000,0x00007f7ed5f18000] [id=32293]

Stack: [0x00007f7ed5e17000,0x00007f7ed5f18000],  sp=0x00007f7ed5f16220,  free space=1020k
Native frames: (J=compiled Java code, j=interpreted, Vv=VM code, C=native code)
V  [libjvm.so+0xac703a]  VMError::report_and_die()+0x2ba
V  [libjvm.so+0x4fc7eb]  report_vm_out_of_memory(char const*, int, unsigned long, VMErrorType, char const*)+0x8b
V  [libjvm.so+0x923c43]  os::Linux::commit_memory_impl(char*, unsigned long, bool)+0x103
V  [libjvm.so+0x924199]  os::pd_commit_memory(char*, unsigned long, unsigned long, bool)+0x29
V  [libjvm.so+0x91e4aa]  os::commit_memory(char*, unsigned long, unsigned long, bool)+0x2a
V  [libjvm.so+0x992f03]  PSVirtualSpace::expand_by(unsigned long)+0x53
V  [libjvm.so+0x9837c0]  PSOldGen::expand(unsigned long)+0x170
V  [libjvm.so+0x9839cb]  PSOldGen::resize(unsigned long)+0x1cb
V  [libjvm.so+0x98b6d1]  PSParallelCompact::invoke_no_policy(bool)+0x991
V  [libjvm.so+0x99102d]  PSScavenge::invoke()+0x1ad
V  [libjvm.so+0x947c10]  ParallelScavengeHeap::failed_mem_allocate(unsigned long)+0x70
V  [libjvm.so+0xac8a57]  VM_ParallelGCFailedAllocation::doit()+0x97
V  [libjvm.so+0xad0535]  VM_Operation::evaluate()+0x55
V  [libjvm.so+0xace90a]  VMThread::evaluate_operation(VM_Operation*)+0xba
V  [libjvm.so+0xacec8e]  VMThread::loop()+0x1ce
V  [libjvm.so+0xacf100]  VMThread::run()+0x70
V  [libjvm.so+0x926268]  java_start(Thread*)+0x108

VM_Operation (0x00007f7ed4bddac0): ParallelGCFailedAllocation, mode: safepoint, requested by thread 0x00007f7ef43c5000


---------------  P R O C E S S  ---------------

Java Threads: ( => current thread )
  0x00007f7ef43c5000 JavaThread "pool-1-thread-1" [_thread_blocked, id=32445, stack(0x00007f7ed4adf000,0x00007f7ed4be0000)]
  0x00007f7ef40c8000 JavaThread "Service Thread" daemon [_thread_blocked, id=32300, stack(0x00007f7ed5438000,0x00007f7ed5539000)]
  0x00007f7ef40bd000 JavaThread "C1 CompilerThread2" daemon [_thread_blocked, id=32299, stack(0x00007f7ed5539000,0x00007f7ed563a000)]
  0x00007f7ef40bb000 JavaThread "C2 CompilerThread1" daemon [_thread_blocked, id=32298, stack(0x00007f7ed563a000,0x00007f7ed573b000)]
  0x00007f7ef40b8000 JavaThread "C2 CompilerThread0" daemon [_thread_blocked, id=32297, stack(0x00007f7ed573b000,0x00007f7ed583c000)]
  0x00007f7ef40b7000 JavaThread "Signal Dispatcher" daemon [_thread_blocked, id=32296, stack(0x00007f7ed583c000,0x00007f7ed593d000)]
  0x00007f7ef4083800 JavaThread "Finalizer" daemon [_thread_blocked, id=32295, stack(0x00007f7ed5c15000,0x00007f7ed5d16000)]
  0x00007f7ef407f000 JavaThread "Reference Handler" daemon [_thread_blocked, id=32294, stack(0x00007f7ed5d16000,0x00007f7ed5e17000)]
  0x00007f7ef4009800 JavaThread "main" [_thread_blocked, id=32288, stack(0x00007f7efb52e000,0x00007f7efb62f000)]

Other Threads:
=>0x00007f7ef4077800 VMThread [stack: 0x00007f7ed5e17000,0x00007f7ed5f18000] [id=32293]
  0x00007f7ef40cb000 WatcherThread [stack: 0x00007f7ed5337000,0x00007f7ed5438000] [id=32301]

VM state:at safepoint (normal execution)

VM Mutex/Monitor currently owned by a thread:  ([mutex/lock_event])
[0x00007f7ef4005840] ExpandHeap_lock - owner thread: 0x00007f7ef4077800
[0x00007f7ef4005ec0] Threads_lock - owner thread: 0x00007f7ef4077800
[0x00007f7ef40063c0] Heap_lock - owner thread: 0x00007f7ef43c5000

Heap:
 PSYoungGen      total 931840K, used 0K [0x000000076ab00000, 0x00000007c0000000, 0x00000007c0000000)
  eden space 465920K, 0% used [0x000000076ab00000,0x000000076ab00000,0x0000000787200000)
  from space 465920K, 0% used [0x0000000787200000,0x0000000787200000,0x00000007a3900000)
  to   space 465920K, 0% used [0x00000007a3900000,0x00000007a3900000,0x00000007c0000000)
 ParOldGen       total 1791488K, used 1772562K [0x00000006c0000000, 0x000000072d580000, 0x000000076ab00000)
  object space 1791488K, 98% used [0x00000006c0000000,0x000000072c304b78,0x000000072d580000)
 Metaspace       used 12776K, capacity 13276K, committed 13568K, reserved 1060864K
  class space    used 1351K, capacity 1482K, committed 1536K, reserved 1048576K

Card table byte_map: [0x00007f7ee47ff000,0x00007f7ee5000000] byte_map_base: 0x00007f7ee11ff000

Marking Bits: (ParMarkBitMap*) 0x00007f7efaa15c80
 Begin Bits: [0x00007f7ec8000000, 0x00007f7ecc000000)
 End Bits:   [0x00007f7ecc000000, 0x00007f7ed0000000)

Polling page: 0x00007f7efb665000

CodeCache: size=245760Kb used=15141Kb max_used=15141Kb free=230618Kb
 bounds [0x00007f7ee5000000, 0x00007f7ee5ef0000, 0x00007f7ef4000000]
 total_blobs=3110 nmethods=2761 adapters=260
 compilation: enabled

Compilation events (10 events):
Event: 112.671 Thread 0x00007f7ef40bd000 3431 %     3       edu.stanford.nlp.naturalli.ClauseSplitterSearchProblem::search @ 314 (865 bytes)
Event: 112.679 Thread 0x00007f7ef40bd000 nmethod 3431% 0x00007f7ee5ecc390 code [0x00007f7ee5ecce80, 0x00007f7ee5ed5438]
Event: 112.695 Thread 0x00007f7ef40bd000 3432       3       edu.stanford.nlp.naturalli.NaturalLogicRelation::forDependencyInsertion (209 bytes)
Event: 112.696 Thread 0x00007f7ef40bd000 nmethod 3432 0x00007f7ee5dfc410 code [0x00007f7ee5dfc6c0, 0x00007f7ee5dfdb28]
Event: 112.714 Thread 0x00007f7ef40bd000 3433       3       edu.stanford.nlp.naturalli.ClauseSplitterSearchProblem$5::applyTo (71 bytes)
Event: 112.715 Thread 0x00007f7ef40bd000 nmethod 3433 0x00007f7ee5e9f1d0 code [0x00007f7ee5e9f3e0, 0x00007f7ee5e9fe18]
Event: 112.733 Thread 0x00007f7ef40bd000 3434       3       edu.stanford.nlp.naturalli.ClauseSplitterSearchProblem$State::withIsDone (59 bytes)
Event: 112.734 Thread 0x00007f7ef40bd000 nmethod 3434 0x00007f7ee5ede290 code [0x00007f7ee5ede4a0, 0x00007f7ee5edeff8]
Event: 112.737 Thread 0x00007f7ef40bd000 3435       3       edu.stanford.nlp.naturalli.NaturalLogicWeights::objDeletionProbability (227 bytes)
Event: 112.741 Thread 0x00007f7ef40bd000 nmethod 3435 0x00007f7ee5edf510 code [0x00007f7ee5edfac0, 0x00007f7ee5ee38b8]

GC Heap History (10 events):
Event: 94.254 GC heap after
Heap after GC invocations=55 (full 8):
 PSYoungGen      total 931840K, used 36880K [0x000000076ab00000, 0x00000007c0000000, 0x00000007c0000000)
  eden space 465920K, 0% used [0x000000076ab00000,0x000000076ab00000,0x0000000787200000)
  from space 465920K, 7% used [0x0000000787200000,0x00000007896042e8,0x00000007a3900000)
  to   space 465920K, 0% used [0x00000007a3900000,0x00000007a3900000,0x00000007c0000000)
 ParOldGen       total 1791488K, used 1432623K [0x00000006c0000000, 0x000000072d580000, 0x000000076ab00000)
  object space 1791488K, 79% used [0x00000006c0000000,0x000000071770bd38,0x000000072d580000)
 Metaspace       used 12764K, capacity 13268K, committed 13568K, reserved 1060864K
  class space    used 1351K, capacity 1482K, committed 1536K, reserved 1048576K
}
Event: 95.397 GC heap before
{Heap before GC invocations=56 (full 8):
 PSYoungGen      total 931840K, used 502800K [0x000000076ab00000, 0x00000007c0000000, 0x00000007c0000000)
  eden space 465920K, 100% used [0x000000076ab00000,0x0000000787200000,0x0000000787200000)
  from space 465920K, 7% used [0x0000000787200000,0x00000007896042e8,0x00000007a3900000)
  to   space 465920K, 0% used [0x00000007a3900000,0x00000007a3900000,0x00000007c0000000)
 ParOldGen       total 1791488K, used 1432623K [0x00000006c0000000, 0x000000072d580000, 0x000000076ab00000)
  object space 1791488K, 79% used [0x00000006c0000000,0x000000071770bd38,0x000000072d580000)
 Metaspace       used 12771K, capacity 13276K, committed 13568K, reserved 1060864K
  class space    used 1351K, capacity 1482K, committed 1536K, reserved 1048576K
Event: 96.537 GC heap after
Heap after GC invocations=56 (full 8):
 PSYoungGen      total 931840K, used 81952K [0x000000076ab00000, 0x00000007c0000000, 0x00000007c0000000)
  eden space 465920K, 0% used [0x000000076ab00000,0x000000076ab00000,0x0000000787200000)
  from space 465920K, 17% used [0x00000007a3900000,0x00000007a8908000,0x00000007c0000000)
  to   space 465920K, 0% used [0x0000000787200000,0x0000000787200000,0x00000007a3900000)
 ParOldGen       total 1791488K, used 1469679K [0x00000006c0000000, 0x000000072d580000, 0x000000076ab00000)
  object space 1791488K, 82% used [0x00000006c0000000,0x0000000719b3bd78,0x000000072d580000)
 Metaspace       used 12771K, capacity 13276K, committed 13568K, reserved 1060864K
  class space    used 1351K, capacity 1482K, committed 1536K, reserved 1048576K
}
Event: 97.343 GC heap before
{Heap before GC invocations=57 (full 8):
 PSYoungGen      total 931840K, used 547872K [0x000000076ab00000, 0x00000007c0000000, 0x00000007c0000000)
  eden space 465920K, 100% used [0x000000076ab00000,0x0000000787200000,0x0000000787200000)
  from space 465920K, 17% used [0x00000007a3900000,0x00000007a8908000,0x00000007c0000000)
  to   space 465920K, 0% used [0x0000000787200000,0x0000000787200000,0x00000007a3900000)
 ParOldGen       total 1791488K, used 1469679K [0x00000006c0000000, 0x000000072d580000, 0x000000076ab00000)
  object space 1791488K, 82% used [0x00000006c0000000,0x0000000719b3bd78,0x000000072d580000)
 Metaspace       used 12773K, capacity 13276K, committed 13568K, reserved 1060864K
  class space    used 1351K, capacity 1482K, committed 1536K, reserved 1048576K
Event: 105.666 GC heap after
Heap after GC invocations=57 (full 8):
 PSYoungGen      total 931840K, used 75360K [0x000000076ab00000, 0x00000007c0000000, 0x00000007c0000000)
  eden space 465920K, 0% used [0x000000076ab00000,0x000000076ab00000,0x0000000787200000)
  from space 465920K, 16% used [0x0000000787200000,0x000000078bb98010,0x00000007a3900000)
  to   space 465920K, 0% used [0x00000007a3900000,0x00000007a3900000,0x00000007c0000000)
 ParOldGen       total 1791488K, used 1551743K [0x00000006c0000000, 0x000000072d580000, 0x000000076ab00000)
  object space 1791488K, 86% used [0x00000006c0000000,0x000000071eb5fdc8,0x000000072d580000)
 Metaspace       used 12773K, capacity 13276K, committed 13568K, reserved 1060864K
  class space    used 1351K, capacity 1482K, committed 1536K, reserved 1048576K
}
Event: 106.100 GC heap before
{Heap before GC invocations=58 (full 8):
 PSYoungGen      total 931840K, used 541280K [0x000000076ab00000, 0x00000007c0000000, 0x00000007c0000000)
  eden space 465920K, 100% used [0x000000076ab00000,0x0000000787200000,0x0000000787200000)
  from space 465920K, 16% used [0x0000000787200000,0x000000078bb98010,0x00000007a3900000)
  to   space 465920K, 0% used [0x00000007a3900000,0x00000007a3900000,0x00000007c0000000)
 ParOldGen       total 1791488K, used 1551743K [0x00000006c0000000, 0x000000072d580000, 0x000000076ab00000)
  object space 1791488K, 86% used [0x00000006c0000000,0x000000071eb5fdc8,0x000000072d580000)
 Metaspace       used 12776K, capacity 13276K, committed 13568K, reserved 1060864K
  class space    used 1351K, capacity 1482K, committed 1536K, reserved 1048576K
Event: 112.006 GC heap after
Heap after GC invocations=58 (full 8):
 PSYoungGen      total 931840K, used 78368K [0x000000076ab00000, 0x00000007c0000000, 0x00000007c0000000)
  eden space 465920K, 0% used [0x000000076ab00000,0x000000076ab00000,0x0000000787200000)
  from space 465920K, 16% used [0x00000007a3900000,0x00000007a8588010,0x00000007c0000000)
  to   space 465920K, 0% used [0x0000000787200000,0x0000000787200000,0x00000007a3900000)
 ParOldGen       total 1791488K, used 1627111K [0x00000006c0000000, 0x000000072d580000, 0x000000076ab00000)
  object space 1791488K, 90% used [0x00000006c0000000,0x00000007234f9e18,0x000000072d580000)
 Metaspace       used 12776K, capacity 13276K, committed 13568K, reserved 1060864K
  class space    used 1351K, capacity 1482K, committed 1536K, reserved 1048576K
}
Event: 112.788 GC heap before
{Heap before GC invocations=59 (full 8):
 PSYoungGen      total 931840K, used 544288K [0x000000076ab00000, 0x00000007c0000000, 0x00000007c0000000)
  eden space 465920K, 100% used [0x000000076ab00000,0x0000000787200000,0x0000000787200000)
  from space 465920K, 16% used [0x00000007a3900000,0x00000007a8588010,0x00000007c0000000)
  to   space 465920K, 0% used [0x0000000787200000,0x0000000787200000,0x00000007a3900000)
 ParOldGen       total 1791488K, used 1627111K [0x00000006c0000000, 0x000000072d580000, 0x000000076ab00000)
  object space 1791488K, 90% used [0x00000006c0000000,0x00000007234f9e18,0x000000072d580000)
 Metaspace       used 12776K, capacity 13276K, committed 13568K, reserved 1060864K
  class space    used 1351K, capacity 1482K, committed 1536K, reserved 1048576K
Event: 116.811 GC heap after
Heap after GC invocations=59 (full 8):
 PSYoungGen      total 931840K, used 68480K [0x000000076ab00000, 0x00000007c0000000, 0x00000007c0000000)
  eden space 465920K, 0% used [0x000000076ab00000,0x000000076ab00000,0x0000000787200000)
  from space 465920K, 14% used [0x0000000787200000,0x000000078b4e0000,0x00000007a3900000)
  to   space 465920K, 0% used [0x00000007a3900000,0x00000007a3900000,0x00000007c0000000)
 ParOldGen       total 1791488K, used 1705559K [0x00000006c0000000, 0x000000072d580000, 0x000000076ab00000)
  object space 1791488K, 95% used [0x00000006c0000000,0x0000000728195e58,0x000000072d580000)
 Metaspace       used 12776K, capacity 13276K, committed 13568K, reserved 1060864K
  class space    used 1351K, capacity 1482K, committed 1536K, reserved 1048576K
}
Event: 116.811 GC heap before
{Heap before GC invocations=60 (full 9):
 PSYoungGen      total 931840K, used 68480K [0x000000076ab00000, 0x00000007c0000000, 0x00000007c0000000)
  eden space 465920K, 0% used [0x000000076ab00000,0x000000076ab00000,0x0000000787200000)
  from space 465920K, 14% used [0x0000000787200000,0x000000078b4e0000,0x00000007a3900000)
  to   space 465920K, 0% used [0x00000007a3900000,0x00000007a3900000,0x00000007c0000000)
 ParOldGen       total 1791488K, used 1705559K [0x00000006c0000000, 0x000000072d580000, 0x000000076ab00000)
  object space 1791488K, 95% used [0x00000006c0000000,0x0000000728195e58,0x000000072d580000)
 Metaspace       used 12776K, capacity 13276K, committed 13568K, reserved 1060864K
  class space    used 1351K, capacity 1482K, committed 1536K, reserved 1048576K

Deoptimization events (10 events):
Event: 36.077 Thread 0x00007f7ef43c5000 Uncommon trap: reason=class_check action=maybe_recompile pc=0x00007f7ee541d838 method=edu.stanford.nlp.util.CollectionUtils.addAll(Ljava/util/Collection;Ljava/lang/Iterable;)V @ 1
Event: 40.341 Thread 0x00007f7ef43c5000 Uncommon trap: reason=unstable_if action=reinterpret pc=0x00007f7ee5c7778c method=edu.stanford.nlp.naturalli.RelationTripleSegmenter.getValidChunk(Ledu/stanford/nlp/semgraph/SemanticGraph;Ledu/stanford/nlp/ling/IndexedWord;Ljava/util/Set;Ljava/util/Option
Event: 44.773 Thread 0x00007f7ef43c5000 Uncommon trap: reason=unstable_if action=reinterpret pc=0x00007f7ee5cf5c20 method=edu.stanford.nlp.naturalli.RelationTripleSegmenter.segmentVerb(Ledu/stanford/nlp/semgraph/SemanticGraph;Ljava/util/Optional;Z)Ljava/util/Optional; @ 320
Event: 51.264 Thread 0x00007f7ef43c5000 Uncommon trap: reason=unstable_if action=reinterpret pc=0x00007f7ee55e5ba0 method=edu.stanford.nlp.naturalli.RelationTripleSegmenter.segmentACL(Ledu/stanford/nlp/semgraph/SemanticGraph;Ljava/util/Optional;Z)Ljava/util/Optional; @ 345
Event: 94.741 Thread 0x00007f7ef43c5000 Uncommon trap: reason=unstable_if action=reinterpret pc=0x00007f7ee582aac0 method=java.util.HashMap$HashIterator.<init>(Ljava/util/HashMap;)V @ 45
Event: 95.076 Thread 0x00007f7ef43c5000 Uncommon trap: reason=unstable_if action=reinterpret pc=0x00007f7ee5d5e478 method=edu.stanford.nlp.naturalli.ForwardEntailerSearchProblem.searchImplementation()Ljava/util/List; @ 821
Event: 105.813 Thread 0x00007f7ef43c5000 Uncommon trap: reason=unstable_if action=reinterpret pc=0x00007f7ee5bf4f90 method=edu.stanford.nlp.naturalli.NaturalLogicWeights.deletionProbability(Ledu/stanford/nlp/semgraph/SemanticGraphEdge;Ljava/lang/Iterable;)D @ 91
Event: 112.573 Thread 0x00007f7ef43c5000 Uncommon trap: reason=unstable_if action=reinterpret pc=0x00007f7ee5df52e4 method=edu.stanford.nlp.naturalli.RelationTripleSegmenter.segmentACL(Ledu/stanford/nlp/semgraph/SemanticGraph;Ljava/util/Optional;Z)Ljava/util/Optional; @ 316
Event: 112.605 Thread 0x00007f7ef43c5000 Uncommon trap: reason=unstable_if action=reinterpret pc=0x00007f7ee55b8bc8 method=edu.stanford.nlp.naturalli.RelationTripleSegmenter.segment(Ledu/stanford/nlp/semgraph/SemanticGraph;Ljava/util/Optional;Z)Ljava/util/Optional; @ 222
Event: 112.694 Thread 0x00007f7ef43c5000 Uncommon trap: reason=unstable_if action=reinterpret pc=0x00007f7ee5b34734 method=edu.stanford.nlp.naturalli.NaturalLogicRelation.forDependencyInsertion(Ljava/lang/String;ZLjava/util/Optional;)Ledu/stanford/nlp/naturalli/NaturalLogicRelation; @ 198

Internal exceptions (10 events):
Event: 10.602 Thread 0x00007f7ef4009800 Exception <a 'java/lang/NoSuchMethodError': java.lang.Object.lambda$load$118(Ledu/stanford/nlp/util/Pair;Ledu/stanford/nlp/semgraph/SemanticGraph;Ljava/lang/Boolean;)Ledu/stanford/nlp/naturalli/ClauseSplitterSearchProblem;> (0x000000076f501630) thrown at 
Event: 16.468 Thread 0x00007f7ef43c5000 Implicit null exception at 0x00007f7ee5607b6d to 0x00007f7ee560835d
Event: 16.613 Thread 0x00007f7ef43c5000 Implicit null exception at 0x00007f7ee5285575 to 0x00007f7ee5285799
Event: 16.614 Thread 0x00007f7ef43c5000 Implicit null exception at 0x00007f7ee52336ef to 0x00007f7ee5233759
Event: 23.458 Thread 0x00007f7ef43c5000 Implicit null exception at 0x00007f7ee58b78ed to 0x00007f7ee58bd049
Event: 23.926 Thread 0x00007f7ef43c5000 Exception <a 'java/lang/NoSuchMethodError': java.lang.Object.lambda$andThen$0(Ljava/util/function/Consumer;Ljava/lang/Object;)V> (0x00000007746ddd30) thrown at [/HUDSON3/workspace/8-2-build-linux-amd64/jdk8u121/8372/hotspot/src/share/vm/interpreter/linkRe
Event: 24.525 Thread 0x00007f7ef43c5000 Implicit null exception at 0x00007f7ee598337e to 0x00007f7ee5983ccd
Event: 33.304 Thread 0x00007f7ef43c5000 Implicit null exception at 0x00007f7ee5b6cc21 to 0x00007f7ee5b732a1
Event: 51.264 Thread 0x00007f7ef43c5000 Implicit null exception at 0x00007f7ee55e1bdb to 0x00007f7ee55e5b41
Event: 112.605 Thread 0x00007f7ef43c5000 Implicit null exception at 0x00007f7ee55b5237 to 0x00007f7ee55b8b99

Events (10 events):
Event: 112.715 Thread 0x00007f7ef40bd000 flushing nmethod 0x00007f7ee54d3450
Event: 112.734 Thread 0x00007f7ef40bd000 flushing nmethod 0x00007f7ee55f2a90
Event: 112.734 Thread 0x00007f7ef40bd000 flushing nmethod 0x00007f7ee55f6b90
Event: 112.734 Thread 0x00007f7ef40bd000 flushing nmethod 0x00007f7ee55f8010
Event: 112.734 Thread 0x00007f7ef40bd000 flushing nmethod 0x00007f7ee55fc710
Event: 112.734 Thread 0x00007f7ef40bd000 flushing nmethod 0x00007f7ee55fd990
Event: 112.734 Thread 0x00007f7ef40bd000 flushing nmethod 0x00007f7ee5602310
Event: 112.738 Thread 0x00007f7ef43c5000 DEOPT PACKING pc=0x00007f7ee5e67b8b sp=0x00007f7ed4bddac0
Event: 112.738 Thread 0x00007f7ef43c5000 DEOPT UNPACKING pc=0x00007f7ee5047633 sp=0x00007f7ed4bddaa8 mode 0
Event: 112.788 Executing VM operation: ParallelGCFailedAllocation


Dynamic libraries:
00400000-00401000 r-xp 00000000 08:08 3952930                            /usr/lib/jvm/java-8-oracle/jre/bin/java
00600000-00601000 rw-p 00000000 08:08 3952930                            /usr/lib/jvm/java-8-oracle/jre/bin/java
00e32000-00e53000 rw-p 00000000 00:00 0                                  [heap]
6c0000000-72d580000 rw-p 00000000 00:00 0 
742280000-76ab00000 ---p 00000000 00:00 0 
76ab00000-7c0000000 rw-p 00000000 00:00 0 
7c0000000-7c0180000 rw-p 00000000 00:00 0 
7c0180000-800000000 ---p 00000000 00:00 0 
7f7e9c000000-7f7e9c4b7000 rw-p 00000000 00:00 0 
7f7e9c4b7000-7f7ea0000000 ---p 00000000 00:00 0 
7f7ea4000000-7f7ea4021000 rw-p 00000000 00:00 0 
7f7ea4021000-7f7ea8000000 ---p 00000000 00:00 0 
7f7ea8000000-7f7ea8021000 rw-p 00000000 00:00 0 
7f7ea8021000-7f7eac000000 ---p 00000000 00:00 0 
7f7eac000000-7f7eadd45000 rw-p 00000000 00:00 0 
7f7eadd45000-7f7eb0000000 ---p 00000000 00:00 0 
7f7eb0000000-7f7eb0ca4000 rw-p 00000000 00:00 0 
7f7eb0ca4000-7f7eb4000000 ---p 00000000 00:00 0 
7f7eb4000000-7f7eb4021000 rw-p 00000000 00:00 0 
7f7eb4021000-7f7eb8000000 ---p 00000000 00:00 0 
7f7eb8000000-7f7eb9ee4000 rw-p 00000000 00:00 0 
7f7eb9ee4000-7f7ebc000000 ---p 00000000 00:00 0 
7f7ebc000000-7f7ebc021000 rw-p 00000000 00:00 0 
7f7ebc021000-7f7ec0000000 ---p 00000000 00:00 0 
7f7ec0000000-7f7ec0021000 rw-p 00000000 00:00 0 
7f7ec0021000-7f7ec4000000 ---p 00000000 00:00 0 
7f7ec4000000-7f7ec4290000 rw-p 00000000 00:00 0 
7f7ec4290000-7f7ec8000000 ---p 00000000 00:00 0 
7f7ec8000000-7f7ed0000000 rw-p 00000000 00:00 0 
7f7ed0000000-7f7ed0021000 rw-p 00000000 00:00 0 
7f7ed0021000-7f7ed4000000 ---p 00000000 00:00 0 
7f7ed48df000-7f7ed4a9f000 rw-p 00000000 00:00 0 
7f7ed4a9f000-7f7ed4adf000 ---p 00000000 00:00 0 
7f7ed4adf000-7f7ed4ae2000 ---p 00000000 00:00 0 
7f7ed4ae2000-7f7ed4de0000 rw-p 00000000 00:00 0 
7f7ed4de0000-7f7ed50e1000 rw-p 00000000 00:00 0 
7f7ed50e1000-7f7ed50f7000 r-xp 00000000 08:08 3952263                    /usr/lib/jvm/java-8-oracle/jre/lib/amd64/libnet.so
7f7ed50f7000-7f7ed52f7000 ---p 00016000 08:08 3952263                    /usr/lib/jvm/java-8-oracle/jre/lib/amd64/libnet.so
7f7ed52f7000-7f7ed52f8000 rw-p 00016000 08:08 3952263                    /usr/lib/jvm/java-8-oracle/jre/lib/amd64/libnet.so
7f7ed52f8000-7f7ed5337000 r--s 0052a000 08:08 11281506                   /home/archit/text_summarizer/stanford-openie/stanford-openie.jar
7f7ed5337000-7f7ed5338000 ---p 00000000 00:00 0 
7f7ed5338000-7f7ed5438000 rw-p 00000000 00:00 0 
7f7ed5438000-7f7ed543b000 ---p 00000000 00:00 0 
7f7ed543b000-7f7ed5539000 rw-p 00000000 00:00 0 
7f7ed5539000-7f7ed553c000 ---p 00000000 00:00 0 
7f7ed553c000-7f7ed563a000 rw-p 00000000 00:00 0 
7f7ed563a000-7f7ed563d000 ---p 00000000 00:00 0 
7f7ed563d000-7f7ed573b000 rw-p 00000000 00:00 0 
7f7ed573b000-7f7ed573e000 ---p 00000000 00:00 0 
7f7ed573e000-7f7ed583c000 rw-p 00000000 00:00 0 
7f7ed583c000-7f7ed583f000 ---p 00000000 00:00 0 
7f7ed583f000-7f7ed593d000 rw-p 00000000 00:00 0 
7f7ed593d000-7f7ed5c15000 r--p 00000000 08:08 3932739                    /usr/lib/locale/locale-archive
7f7ed5c15000-7f7ed5c18000 ---p 00000000 00:00 0 
7f7ed5c18000-7f7ed5d16000 rw-p 00000000 00:00 0 
7f7ed5d16000-7f7ed5d19000 ---p 00000000 00:00 0 
7f7ed5d19000-7f7ed5e17000 rw-p 00000000 00:00 0 
7f7ed5e17000-7f7ed5e18000 ---p 00000000 00:00 0 
7f7ed5e18000-7f7ed6e27000 rw-p 00000000 00:00 0 
7f7ed6e27000-7f7ed7000000 r--s 03d3e000 08:08 3952255                    /usr/lib/jvm/java-8-oracle/jre/lib/rt.jar
7f7ed7000000-7f7ed7800000 rw-p 00000000 00:00 0 
7f7ed7800000-7f7ed8000000 rw-p 00000000 00:00 0 
7f7ed8000000-7f7ed8021000 rw-p 00000000 00:00 0 
7f7ed8021000-7f7edc000000 ---p 00000000 00:00 0 
7f7edc000000-7f7edc021000 rw-p 00000000 00:00 0 
7f7edc021000-7f7ee0000000 ---p 00000000 00:00 0 
7f7ee0000000-7f7ee0021000 rw-p 00000000 00:00 0 
7f7ee0021000-7f7ee4000000 ---p 00000000 00:00 0 
7f7ee4023000-7f7ee40a7000 rw-p 00000000 00:00 0 
7f7ee40a7000-7f7ee40a8000 ---p 00000000 00:00 0 
7f7ee40a8000-7f7ee41a8000 rw-p 00000000 00:00 0 
7f7ee41a8000-7f7ee41a9000 ---p 00000000 00:00 0 
7f7ee41a9000-7f7ee4614000 rw-p 00000000 00:00 0 
7f7ee4614000-7f7ee47ff000 ---p 00000000 00:00 0 
7f7ee47ff000-7f7ee4b6a000 rw-p 00000000 00:00 0 
7f7ee4b6a000-7f7ee4d54000 ---p 00000000 00:00 0 
7f7ee4d54000-7f7ee4fff000 rw-p 00000000 00:00 0 
7f7ee4fff000-7f7ee5000000 rw-p 00000000 00:00 0 
7f7ee5000000-7f7ee5ef0000 rwxp 00000000 00:00 0 
7f7ee5ef0000-7f7ef4000000 ---p 00000000 00:00 0 
7f7ef4000000-7f7ef4522000 rw-p 00000000 00:00 0 
7f7ef4522000-7f7ef8000000 ---p 00000000 00:00 0 
7f7ef8003000-7f7ef80e9000 rw-p 00000000 00:00 0 
7f7ef80e9000-7f7ef80ea000 ---p 00000000 00:00 0 
7f7ef80ea000-7f7ef81ea000 rw-p 00000000 00:00 0 
7f7ef81ea000-7f7ef81eb000 ---p 00000000 00:00 0 
7f7ef81eb000-7f7ef8327000 rw-p 00000000 00:00 0 
7f7ef8327000-7f7ef86ab000 ---p 00000000 00:00 0 
7f7ef86ab000-7f7ef86c5000 r-xp 00000000 08:08 3952286                    /usr/lib/jvm/java-8-oracle/jre/lib/amd64/libzip.so
7f7ef86c5000-7f7ef88c5000 ---p 0001a000 08:08 3952286                    /usr/lib/jvm/java-8-oracle/jre/lib/amd64/libzip.so
7f7ef88c5000-7f7ef88c6000 rw-p 0001a000 08:08 3952286                    /usr/lib/jvm/java-8-oracle/jre/lib/amd64/libzip.so
7f7ef88c6000-7f7ef88d1000 r-xp 00000000 08:08 9045725                    /lib/x86_64-linux-gnu/libnss_files-2.23.so
7f7ef88d1000-7f7ef8ad0000 ---p 0000b000 08:08 9045725                    /lib/x86_64-linux-gnu/libnss_files-2.23.so
7f7ef8ad0000-7f7ef8ad1000 r--p 0000a000 08:08 9045725                    /lib/x86_64-linux-gnu/libnss_files-2.23.so
7f7ef8ad1000-7f7ef8ad2000 rw-p 0000b000 08:08 9045725                    /lib/x86_64-linux-gnu/libnss_files-2.23.so
7f7ef8ad2000-7f7ef8ad8000 rw-p 00000000 00:00 0 
7f7ef8ad8000-7f7ef8ae3000 r-xp 00000000 08:08 9045666                    /lib/x86_64-linux-gnu/libnss_nis-2.23.so
7f7ef8ae3000-7f7ef8ce2000 ---p 0000b000 08:08 9045666                    /lib/x86_64-linux-gnu/libnss_nis-2.23.so
7f7ef8ce2000-7f7ef8ce3000 r--p 0000a000 08:08 9045666                    /lib/x86_64-linux-gnu/libnss_nis-2.23.so
7f7ef8ce3000-7f7ef8ce4000 rw-p 0000b000 08:08 9045666                    /lib/x86_64-linux-gnu/libnss_nis-2.23.so
7f7ef8ce4000-7f7ef8cfa000 r-xp 00000000 08:08 9045703                    /lib/x86_64-linux-gnu/libnsl-2.23.so
7f7ef8cfa000-7f7ef8ef9000 ---p 00016000 08:08 9045703                    /lib/x86_64-linux-gnu/libnsl-2.23.so
7f7ef8ef9000-7f7ef8efa000 r--p 00015000 08:08 9045703                    /lib/x86_64-linux-gnu/libnsl-2.23.so
7f7ef8efa000-7f7ef8efb000 rw-p 00016000 08:08 9045703                    /lib/x86_64-linux-gnu/libnsl-2.23.so
7f7ef8efb000-7f7ef8efd000 rw-p 00000000 00:00 0 
7f7ef8efd000-7f7ef8f05000 r-xp 00000000 08:08 9045734                    /lib/x86_64-linux-gnu/libnss_compat-2.23.so
7f7ef8f05000-7f7ef9104000 ---p 00008000 08:08 9045734                    /lib/x86_64-linux-gnu/libnss_compat-2.23.so
7f7ef9104000-7f7ef9105000 r--p 00007000 08:08 9045734                    /lib/x86_64-linux-gnu/libnss_compat-2.23.so
7f7ef9105000-7f7ef9106000 rw-p 00008000 08:08 9045734                    /lib/x86_64-linux-gnu/libnss_compat-2.23.so
7f7ef9106000-7f7ef9131000 r-xp 00000000 08:08 3952313                    /usr/lib/jvm/java-8-oracle/jre/lib/amd64/libjava.so
7f7ef9131000-7f7ef9330000 ---p 0002b000 08:08 3952313                    /usr/lib/jvm/java-8-oracle/jre/lib/amd64/libjava.so
7f7ef9330000-7f7ef9332000 rw-p 0002a000 08:08 3952313                    /usr/lib/jvm/java-8-oracle/jre/lib/amd64/libjava.so
7f7ef9332000-7f7ef933f000 r-xp 00000000 08:08 3952264                    /usr/lib/jvm/java-8-oracle/jre/lib/amd64/libverify.so
7f7ef933f000-7f7ef953e000 ---p 0000d000 08:08 3952264                    /usr/lib/jvm/java-8-oracle/jre/lib/amd64/libverify.so
7f7ef953e000-7f7ef9540000 rw-p 0000c000 08:08 3952264                    /usr/lib/jvm/java-8-oracle/jre/lib/amd64/libverify.so
7f7ef9540000-7f7ef9547000 r-xp 00000000 08:08 9045739                    /lib/x86_64-linux-gnu/librt-2.23.so
7f7ef9547000-7f7ef9746000 ---p 00007000 08:08 9045739                    /lib/x86_64-linux-gnu/librt-2.23.so
7f7ef9746000-7f7ef9747000 r--p 00006000 08:08 9045739                    /lib/x86_64-linux-gnu/librt-2.23.so
7f7ef9747000-7f7ef9748000 rw-p 00007000 08:08 9045739                    /lib/x86_64-linux-gnu/librt-2.23.so
7f7ef9748000-7f7ef9850000 r-xp 00000000 08:08 9045674                    /lib/x86_64-linux-gnu/libm-2.23.so
7f7ef9850000-7f7ef9a4f000 ---p 00108000 08:08 9045674                    /lib/x86_64-linux-gnu/libm-2.23.so
7f7ef9a4f000-7f7ef9a50000 r--p 00107000 08:08 9045674                    /lib/x86_64-linux-gnu/libm-2.23.so
7f7ef9a50000-7f7ef9a51000 rw-p 00108000 08:08 9045674                    /lib/x86_64-linux-gnu/libm-2.23.so
7f7ef9a51000-7f7efa71f000 r-xp 00000000 08:08 3952317                    /usr/lib/jvm/java-8-oracle/jre/lib/amd64/server/libjvm.so
7f7efa71f000-7f7efa91f000 ---p 00cce000 08:08 3952317                    /usr/lib/jvm/java-8-oracle/jre/lib/amd64/server/libjvm.so
7f7efa91f000-7f7efa9f8000 rw-p 00cce000 08:08 3952317                    /usr/lib/jvm/java-8-oracle/jre/lib/amd64/server/libjvm.so
7f7efa9f8000-7f7efaa43000 rw-p 00000000 00:00 0 
7f7efaa43000-7f7efac02000 r-xp 00000000 08:08 9045705                    /lib/x86_64-linux-gnu/libc-2.23.so
7f7efac02000-7f7efae02000 ---p 001bf000 08:08 9045705                    /lib/x86_64-linux-gnu/libc-2.23.so
7f7efae02000-7f7efae06000 r--p 001bf000 08:08 9045705                    /lib/x86_64-linux-gnu/libc-2.23.so
7f7efae06000-7f7efae08000 rw-p 001c3000 08:08 9045705                    /lib/x86_64-linux-gnu/libc-2.23.so
7f7efae08000-7f7efae0c000 rw-p 00000000 00:00 0 
7f7efae0c000-7f7efae0f000 r-xp 00000000 08:08 9045661                    /lib/x86_64-linux-gnu/libdl-2.23.so
7f7efae0f000-7f7efb00e000 ---p 00003000 08:08 9045661                    /lib/x86_64-linux-gnu/libdl-2.23.so
7f7efb00e000-7f7efb00f000 r--p 00002000 08:08 9045661                    /lib/x86_64-linux-gnu/libdl-2.23.so
7f7efb00f000-7f7efb010000 rw-p 00003000 08:08 9045661                    /lib/x86_64-linux-gnu/libdl-2.23.so
7f7efb010000-7f7efb025000 r-xp 00000000 08:08 3952302                    /usr/lib/jvm/java-8-oracle/jre/lib/amd64/jli/libjli.so
7f7efb025000-7f7efb225000 ---p 00015000 08:08 3952302                    /usr/lib/jvm/java-8-oracle/jre/lib/amd64/jli/libjli.so
7f7efb225000-7f7efb226000 rw-p 00015000 08:08 3952302                    /usr/lib/jvm/java-8-oracle/jre/lib/amd64/jli/libjli.so
7f7efb226000-7f7efb23e000 r-xp 00000000 08:08 9046047                    /lib/x86_64-linux-gnu/libpthread-2.23.so
7f7efb23e000-7f7efb43d000 ---p 00018000 08:08 9046047                    /lib/x86_64-linux-gnu/libpthread-2.23.so
7f7efb43d000-7f7efb43e000 r--p 00017000 08:08 9046047                    /lib/x86_64-linux-gnu/libpthread-2.23.so
7f7efb43e000-7f7efb43f000 rw-p 00018000 08:08 9046047                    /lib/x86_64-linux-gnu/libpthread-2.23.so
7f7efb43f000-7f7efb443000 rw-p 00000000 00:00 0 
7f7efb443000-7f7efb469000 r-xp 00000000 08:08 9045707                    /lib/x86_64-linux-gnu/ld-2.23.so
7f7efb47f000-7f7efb481000 r--s 00009000 08:08 11410726                   /home/archit/text_summarizer/stanford-openie/lib/slf4j-api-1.7.21.jar
7f7efb481000-7f7efb483000 r--s 039c3000 08:08 11281504                   /home/archit/text_summarizer/stanford-openie/stanford-openie-models.jar
7f7efb483000-7f7efb52e000 rw-p 00000000 00:00 0 
7f7efb52e000-7f7efb531000 ---p 00000000 00:00 0 
7f7efb531000-7f7efb633000 rw-p 00000000 00:00 0 
7f7efb633000-7f7efb634000 r--s 00002000 08:08 11410727                   /home/archit/text_summarizer/stanford-openie/lib/slf4j-simple-1.7.21.jar
7f7efb634000-7f7efb65c000 rw-p 00000000 00:00 0 
7f7efb65c000-7f7efb664000 rw-s 00000000 08:08 9720206                    /tmp/hsperfdata_archit/32287
7f7efb664000-7f7efb665000 rw-p 00000000 00:00 0 
7f7efb665000-7f7efb666000 ---p 00000000 00:00 0 
7f7efb666000-7f7efb668000 rw-p 00000000 00:00 0 
7f7efb668000-7f7efb669000 r--p 00025000 08:08 9045707                    /lib/x86_64-linux-gnu/ld-2.23.so
7f7efb669000-7f7efb66a000 rw-p 00026000 08:08 9045707                    /lib/x86_64-linux-gnu/ld-2.23.so
7f7efb66a000-7f7efb66b000 rw-p 00000000 00:00 0 
7ffecf7ea000-7ffecf80b000 rw-p 00000000 00:00 0                          [stack]
7ffecf928000-7ffecf92a000 r--p 00000000 00:00 0                          [vvar]
7ffecf92a000-7ffecf92c000 r-xp 00000000 00:00 0                          [vdso]
ffffffffff600000-ffffffffff601000 r-xp 00000000 00:00 0                  [vsyscall]

VM Arguments:
jvm_args: -Xmx4g 
java_command: edu.stanford.nlp.naturalli.OpenIE ../sorter.txt -format ollie
java_class_path (initial): stanford-openie.jar:stanford-openie-models.jar:lib/slf4j-api-1.7.21.jar:lib/slf4j-simple-1.7.21.jar
Launcher Type: SUN_STANDARD

Environment Variables:
JAVA_HOME=/usr/lib/jvm/java-8-oracle
PATH=/home/archit/.rvm/gems/ruby-2.3.0/bin:/home/archit/.rvm/gems/ruby-2.3.0/bin:/home/archit/.rvm/gems/ruby-2.3.0@global/bin:/usr/share/rvm/rubies/ruby-2.3.0/bin:/usr/local/sbin:/usr/local/bin:/usr/sbin:/usr/bin:/sbin:/bin:/usr/games:/usr/local/games:/snap/bin:/usr/lib/jvm/java-8-oracle/bin:/usr/lib/jvm/java-8-oracle/db/bin:/usr/lib/jvm/java-8-oracle/jre/bin:/snap/bin:/usr/lib/jvm/java-8-oracle/bin:/usr/lib/jvm/java-8-oracle/db/bin:/usr/lib/jvm/java-8-oracle/jre/bin:/usr/share/rvm/bin:/home/archit/.rvm/bin
SHELL=/bin/bash
DISPLAY=:0

Signal Handlers:
SIGSEGV: [libjvm.so+0xac78c0], sa_mask[0]=11111111011111111101111111111110, sa_flags=SA_RESTART|SA_SIGINFO
SIGBUS: [libjvm.so+0xac78c0], sa_mask[0]=11111111011111111101111111111110, sa_flags=SA_RESTART|SA_SIGINFO
SIGFPE: [libjvm.so+0x920ac0], sa_mask[0]=11111111011111111101111111111110, sa_flags=SA_RESTART|SA_SIGINFO
SIGPIPE: [libjvm.so+0x920ac0], sa_mask[0]=11111111011111111101111111111110, sa_flags=SA_RESTART|SA_SIGINFO
SIGXFSZ: [libjvm.so+0x920ac0], sa_mask[0]=11111111011111111101111111111110, sa_flags=SA_RESTART|SA_SIGINFO
SIGILL: [libjvm.so+0x920ac0], sa_mask[0]=11111111011111111101111111111110, sa_flags=SA_RESTART|SA_SIGINFO
SIGUSR1: SIG_DFL, sa_mask[0]=00000000000000000000000000000000, sa_flags=none
SIGUSR2: [libjvm.so+0x922300], sa_mask[0]=00000000000000000000000000000000, sa_flags=SA_RESTART|SA_SIGINFO
SIGHUP: [libjvm.so+0x923700], sa_mask[0]=11111111011111111101111111111110, sa_flags=SA_RESTART|SA_SIGINFO
SIGINT: [libjvm.so+0x923700], sa_mask[0]=11111111011111111101111111111110, sa_flags=SA_RESTART|SA_SIGINFO
SIGTERM: [libjvm.so+0x923700], sa_mask[0]=11111111011111111101111111111110, sa_flags=SA_RESTART|SA_SIGINFO
SIGQUIT: [libjvm.so+0x923700], sa_mask[0]=11111111011111111101111111111110, sa_flags=SA_RESTART|SA_SIGINFO


---------------  S Y S T E M  ---------------

OS:DISTRIB_ID=Ubuntu
DISTRIB_RELEASE=16.04
DISTRIB_CODENAME=xenial
DISTRIB_DESCRIPTION="Ubuntu 16.04.2 LTS"

uname:Linux 4.4.0-66-generic #87-Ubuntu SMP Fri Mar 3 15:29:05 UTC 2017 x86_64
libc:glibc 2.23 NPTL 2.23 
rlimit: STACK 8192k, CORE 0k, NPROC 22981, NOFILE 65536, AS infinity
load average:9.45 6.14 4.69

/proc/meminfo:
MemTotal:        5988684 kB
MemFree:          165324 kB
MemAvailable:      81004 kB
Buffers:            3212 kB
Cached:           115480 kB
SwapCached:        14776 kB
Active:          4553012 kB
Inactive:        1041984 kB
Active(anon):    4525824 kB
Inactive(anon):  1018972 kB
Active(file):      27188 kB
Inactive(file):    23012 kB
Unevictable:         108 kB
Mlocked:             108 kB
SwapTotal:       6169596 kB
SwapFree:          26612 kB
Dirty:               808 kB
Writeback:          5608 kB
AnonPages:       5462236 kB
Mapped:            70968 kB
Shmem:             68568 kB
Slab:              93592 kB
SReclaimable:      42772 kB
SUnreclaim:        50820 kB
KernelStack:       12032 kB
PageTables:        67316 kB
NFS_Unstable:          0 kB
Bounce:                0 kB
WritebackTmp:          0 kB
CommitLimit:     9163936 kB
Committed_AS:   19614464 kB
VmallocTotal:   34359738367 kB
VmallocUsed:           0 kB
VmallocChunk:          0 kB
HardwareCorrupted:     0 kB
AnonHugePages:   1912832 kB
CmaTotal:              0 kB
CmaFree:               0 kB
HugePages_Total:       0
HugePages_Free:        0
HugePages_Rsvd:        0
HugePages_Surp:        0
Hugepagesize:       2048 kB
DirectMap4k:      206272 kB
DirectMap2M:     5963776 kB
DirectMap1G:     1048576 kB


CPU:total 4 (2 cores per cpu, 2 threads per core) family 6 model 69 stepping 1, cmov, cx8, fxsr, mmx, sse, sse2, sse3, ssse3, sse4.1, sse4.2, popcnt, avx, avx2, aes, clmul, erms, lzcnt, ht, tsc, tscinvbit, bmi1, bmi2

/proc/cpuinfo:
processor	: 0
vendor_id	: GenuineIntel
cpu family	: 6
model		: 69
model name	: Intel(R) Core(TM) i5-4200U CPU @ 1.60GHz
stepping	: 1
microcode	: 0x17
cpu MHz		: 800.148
cache size	: 3072 KB
physical id	: 0
siblings	: 4
core id		: 0
cpu cores	: 2
apicid		: 0
initial apicid	: 0
fpu		: yes
fpu_exception	: yes
cpuid level	: 13
wp		: yes
flags		: fpu vme de pse tsc msr pae mce cx8 apic sep mtrr pge mca cmov pat pse36 clflush dts acpi mmx fxsr sse sse2 ss ht tm pbe syscall nx pdpe1gb rdtscp lm constant_tsc arch_perfmon pebs bts rep_good nopl xtopology nonstop_tsc aperfmperf eagerfpu pni pclmulqdq dtes64 monitor ds_cpl vmx est tm2 ssse3 sdbg fma cx16 xtpr pdcm pcid sse4_1 sse4_2 movbe popcnt tsc_deadline_timer aes xsave avx f16c rdrand lahf_lm abm epb tpr_shadow vnmi flexpriority ept vpid fsgsbase tsc_adjust bmi1 avx2 smep bmi2 erms invpcid xsaveopt dtherm ida arat pln pts
bugs		:
bogomips	: 4589.35
clflush size	: 64
cache_alignment	: 64
address sizes	: 39 bits physical, 48 bits virtual
power management:

processor	: 1
vendor_id	: GenuineIntel
cpu family	: 6
model		: 69
model name	: Intel(R) Core(TM) i5-4200U CPU @ 1.60GHz
stepping	: 1
microcode	: 0x17
cpu MHz		: 933.027
cache size	: 3072 KB
physical id	: 0
siblings	: 4
core id		: 0
cpu cores	: 2
apicid		: 1
initial apicid	: 1
fpu		: yes
fpu_exception	: yes
cpuid level	: 13
wp		: yes
flags		: fpu vme de pse tsc msr pae mce cx8 apic sep mtrr pge mca cmov pat pse36 clflush dts acpi mmx fxsr sse sse2 ss ht tm pbe syscall nx pdpe1gb rdtscp lm constant_tsc arch_perfmon pebs bts rep_good nopl xtopology nonstop_tsc aperfmperf eagerfpu pni pclmulqdq dtes64 monitor ds_cpl vmx est tm2 ssse3 sdbg fma cx16 xtpr pdcm pcid sse4_1 sse4_2 movbe popcnt tsc_deadline_timer aes xsave avx f16c rdrand lahf_lm abm epb tpr_shadow vnmi flexpriority ept vpid fsgsbase tsc_adjust bmi1 avx2 smep bmi2 erms invpcid xsaveopt dtherm ida arat pln pts
bugs		:
bogomips	: 4589.35
clflush size	: 64
cache_alignment	: 64
address sizes	: 39 bits physical, 48 bits virtual
power management:

processor	: 2
vendor_id	: GenuineIntel
cpu family	: 6
model		: 69
model name	: Intel(R) Core(TM) i5-4200U CPU @ 1.60GHz
stepping	: 1
microcode	: 0x17
cpu MHz		: 934.195
cache size	: 3072 KB
physical id	: 0
siblings	: 4
core id		: 1
cpu cores	: 2
apicid		: 2
initial apicid	: 2
fpu		: yes
fpu_exception	: yes
cpuid level	: 13
wp		: yes
flags		: fpu vme de pse tsc msr pae mce cx8 apic sep mtrr pge mca cmov pat pse36 clflush dts acpi mmx fxsr sse sse2 ss ht tm pbe syscall nx pdpe1gb rdtscp lm constant_tsc arch_perfmon pebs bts rep_good nopl xtopology nonstop_tsc aperfmperf eagerfpu pni pclmulqdq dtes64 monitor ds_cpl vmx est tm2 ssse3 sdbg fma cx16 xtpr pdcm pcid sse4_1 sse4_2 movbe popcnt tsc_deadline_timer aes xsave avx f16c rdrand lahf_lm abm epb tpr_shadow vnmi flexpriority ept vpid fsgsbase tsc_adjust bmi1 avx2 smep bmi2 erms invpcid xsaveopt dtherm ida arat pln pts
bugs		:
bogomips	: 4589.35
clflush size	: 64
cache_alignment	: 64
address sizes	: 39 bits physical, 48 bits virtual
power management:

processor	: 3
vendor_id	: GenuineIntel
cpu family	: 6
model		: 69
model name	: Intel(R) Core(TM) i5-4200U CPU @ 1.60GHz
stepping	: 1
microcode	: 0x17
cpu MHz		: 1089.535
cache size	: 3072 KB
physical id	: 0
siblings	: 4
core id		: 1
cpu cores	: 2
apicid		: 3
initial apicid	: 3
fpu		: yes
fpu_exception	: yes
cpuid level	: 13
wp		: yes
flags		: fpu vme de pse tsc msr pae mce cx8 apic sep mtrr pge mca cmov pat pse36 clflush dts acpi mmx fxsr sse sse2 ss ht tm pbe syscall nx pdpe1gb rdtscp lm constant_tsc arch_perfmon pebs bts rep_good nopl xtopology nonstop_tsc aperfmperf eagerfpu pni pclmulqdq dtes64 monitor ds_cpl vmx est tm2 ssse3 sdbg fma cx16 xtpr pdcm pcid sse4_1 sse4_2 movbe popcnt tsc_deadline_timer aes xsave avx f16c rdrand lahf_lm abm epb tpr_shadow vnmi flexpriority ept vpid fsgsbase tsc_adjust bmi1 avx2 smep bmi2 erms invpcid xsaveopt dtherm ida arat pln pts
bugs		:
bogomips	: 4589.35
clflush size	: 64
cache_alignment	: 64
address sizes	: 39 bits physical, 48 bits virtual
power management:



Memory: 4k page, physical 5988684k(165324k free), swap 6169596k(26612k free)

vm_info: Java HotSpot(TM) 64-Bit Server VM (25.121-b13) for linux-amd64 JRE (1.8.0_121-b13), built on Dec 12 2016 16:36:53 by "java_re" with gcc 4.3.0 20080428 (Red Hat 4.3.0-8)

time: Wed Jul 19 02:46:31 2017
elapsed time: 136 seconds (0d 0h 2m 16s)

